Using pre-set license
Built from '2020.2/release' branch; Version is '2020.2.1f1 (270dd8c3da1c) revision 2559448'; Using compiler version '192528614'; Build Type 'Release'
OS: 'Windows 10  (10.0.0) 64bit' Language: 'en' Physical Memory: 16334 MB
BatchMode: 1, IsHumanControllingUs: 0, StartBugReporterOnCrash: 0, Is64bit: 1, IsPro: 0

 COMMAND LINE ARGUMENTS:
C:\Program Files\Unity\Hub\Editor\2020.2.1f1\Editor\Unity.exe
-adb2
-batchMode
-noUpm
-name
AssetImportWorker0
-projectPath
C:/Users/adamh/OneDrive/Current Active Projects/Hazard Highway/Hazard Highway
-logFile
Logs/AssetImportWorker0.log
-srvPort
49798
Successfully changed project path to: C:/Users/adamh/OneDrive/Current Active Projects/Hazard Highway/Hazard Highway
C:/Users/adamh/OneDrive/Current Active Projects/Hazard Highway/Hazard Highway
Using Asset Import Pipeline V2.
Refreshing native plugins compatible for Editor in 39.51 ms, found 0 plugins.
Preloading 0 native plugins for Editor in 0.00 ms.
Initialize engine version: 2020.2.1f1 (270dd8c3da1c)
[Subsystems] Discovering subsystems at path C:/Program Files/Unity/Hub/Editor/2020.2.1f1/Editor/Data/Resources/UnitySubsystems
[Subsystems] Discovering subsystems at path C:/Users/adamh/OneDrive/Current Active Projects/Hazard Highway/Hazard Highway/Assets
GfxDevice: creating device client; threaded=0
Direct3D:
    Version:  Direct3D 11.0 [level 11.1]
    Renderer: NVIDIA GeForce GTX 1060 6GB (ID=0x1c03)
    Vendor:   
    VRAM:     6052 MB
    Driver:   27.21.14.5206
Initialize mono
Mono path[0] = 'C:/Program Files/Unity/Hub/Editor/2020.2.1f1/Editor/Data/Managed'
Mono path[1] = 'C:/Program Files/Unity/Hub/Editor/2020.2.1f1/Editor/Data/MonoBleedingEdge/lib/mono/unityjit'
Mono config path = 'C:/Program Files/Unity/Hub/Editor/2020.2.1f1/Editor/Data/MonoBleedingEdge/etc'
Using monoOptions --debugger-agent=transport=dt_socket,embedding=1,server=y,suspend=n,address=127.0.0.1:56312
Begin MonoManager ReloadAssembly
Registering precompiled unity dll's ...
Register platform support module: C:/Program Files/Unity/Hub/Editor/2020.2.1f1/Editor/Data/PlaybackEngines/WebGLSupport/UnityEditor.WebGL.Extensions.dll
Register platform support module: C:/Program Files/Unity/Hub/Editor/2020.2.1f1/Editor/Data/PlaybackEngines/WindowsStandaloneSupport/UnityEditor.WindowsStandalone.Extensions.dll
Registered in 0.001322 seconds.
Native extension for WindowsStandalone target not found
Native extension for WebGL target not found
Refreshing native plugins compatible for Editor in 34.48 ms, found 0 plugins.
Preloading 0 native plugins for Editor in 0.00 ms.
Invoked RoslynAnalysisRunner static constructor.
RoslynAnalysisRunner will not be running.
RoslynAnalysisRunner has terminated.
Mono: successfully reloaded assembly
- Completed reload, in  0.847 seconds
Platform modules already initialized, skipping
Registering precompiled user dll's ...
Registered in 0.003715 seconds.
Begin MonoManager ReloadAssembly
Native extension for WindowsStandalone target not found
Native extension for WebGL target not found
Refreshing native plugins compatible for Editor in 34.39 ms, found 0 plugins.
Preloading 0 native plugins for Editor in 0.00 ms.
Invoked RoslynAnalysisRunner static constructor.
RoslynAnalysisRunner will not be running.
RoslynAnalysisRunner has terminated.
Mono: successfully reloaded assembly
- Completed reload, in  0.722 seconds
Platform modules already initialized, skipping
========================================================================
Worker process is ready to serve import requests
Launched and connected shader compiler UnityShaderCompiler.exe after 0.03 seconds
Refreshing native plugins compatible for Editor in 0.53 ms, found 0 plugins.
Preloading 0 native plugins for Editor in 0.00 ms.
Unloading 1683 Unused Serialized files (Serialized files now loaded: 0)
System memory in use before: 167.4 MB.
System memory in use after: 167.5 MB.

Unloading 36 unused Assets to reduce memory usage. Loaded Objects now: 2143.
Total: 2.044500 ms (FindLiveObjects: 0.185300 ms CreateObjectMapping: 0.041300 ms MarkObjects: 1.793200 ms  DeleteObjects: 0.023700 ms)

========================================================================
Received Import Request.
  path: Assets/TextMesh Pro/Resources/Fonts & Materials/LiberationSans SDF - Fallback.asset
  artifactKey: Guid(2e498d1c8094910479dc3e1b768306a4) Importer(815301076,1909f56bfc062723c751e8b465ee728b)
Start importing Assets/TextMesh Pro/Resources/Fonts & Materials/LiberationSans SDF - Fallback.asset using Guid(2e498d1c8094910479dc3e1b768306a4) Importer(815301076,1909f56bfc062723c751e8b465ee728b)  -> (artifact id: 'fffde13510fadd10aa3e006f1b011b94') in 0.115105 seconds
  Import took 0.120013 seconds .

========================================================================
Received Import Request.
  Time since last request: 0.000201 seconds.
  path: Assets/TextMesh Pro/Resources/TMP Settings.asset
  artifactKey: Guid(3f5b5dff67a942289a9defa416b206f3) Importer(815301076,1909f56bfc062723c751e8b465ee728b)
Start importing Assets/TextMesh Pro/Resources/TMP Settings.asset using Guid(3f5b5dff67a942289a9defa416b206f3) Importer(815301076,1909f56bfc062723c751e8b465ee728b)  -> (artifact id: '60598ddc20286cd98a033a2141c09b2a') in 0.035868 seconds
  Import took 0.039972 seconds .

========================================================================
Received Import Request.
  Time since last request: 1.888580 seconds.
  path: Assets/TextMesh Pro/Resources/Fonts & Materials
  artifactKey: Guid(731f1baa9d144a9897cb1d341c2092b8) Importer(815301076,1909f56bfc062723c751e8b465ee728b)
Start importing Assets/TextMesh Pro/Resources/Fonts & Materials using Guid(731f1baa9d144a9897cb1d341c2092b8) Importer(815301076,1909f56bfc062723c751e8b465ee728b)  -> (artifact id: '6fd00161865dc7ab7ebdafc31147e173') in 0.006553 seconds
  Import took 0.010983 seconds .

========================================================================
Received Import Request.
  Time since last request: 30.808031 seconds.
  path: Assets/TextMesh Pro/Resources/Fonts & Materials/Anton.ttf
  artifactKey: Guid(be56de2f71f89974ebfffd39b8de1dea) Importer(815301076,1909f56bfc062723c751e8b465ee728b)
Start importing Assets/TextMesh Pro/Resources/Fonts & Materials/Anton.ttf using Guid(be56de2f71f89974ebfffd39b8de1dea) Importer(815301076,1909f56bfc062723c751e8b465ee728b)  -> (artifact id: '541f24c17079b93d6fed6d7db6e14c99') in 0.020244 seconds
  Import took 0.025313 seconds .

========================================================================
Received Import Request.
  Time since last request: 36.652915 seconds.
  path: Assets/TextMesh Pro/Resources/Fonts & Materials/Anton.ttf
  artifactKey: Guid(1c1be34c1c690eb40aba79246b3d32c4) Importer(815301076,1909f56bfc062723c751e8b465ee728b)
Start importing Assets/TextMesh Pro/Resources/Fonts & Materials/Anton.ttf using Guid(1c1be34c1c690eb40aba79246b3d32c4) Importer(815301076,1909f56bfc062723c751e8b465ee728b)  -> (artifact id: 'ebee9e249a48359dc92a4d600fa008f7') in 0.009657 seconds
  Import took 0.014424 seconds .

========================================================================
Received Import Request.
  Time since last request: 0.000196 seconds.
  path: Assets/TextMesh Pro/Resources/Fonts & Materials/Bangers.ttf
  artifactKey: Guid(ffbc1381ff986e54ab9283b7ffc2d49b) Importer(815301076,1909f56bfc062723c751e8b465ee728b)
Start importing Assets/TextMesh Pro/Resources/Fonts & Materials/Bangers.ttf using Guid(ffbc1381ff986e54ab9283b7ffc2d49b) Importer(815301076,1909f56bfc062723c751e8b465ee728b)  -> (artifact id: 'b6da08aca5e2c4b3c8111aa6e0a8c7e8') in 0.013119 seconds
  Import took 0.018202 seconds .

========================================================================
Received Import Request.
  Time since last request: 0.000185 seconds.
  path: Assets/TextMesh Pro/Resources/Fonts & Materials/NotoSans.ttf
  artifactKey: Guid(00dab914aae40e742a36edacfe93c267) Importer(815301076,1909f56bfc062723c751e8b465ee728b)
Start importing Assets/TextMesh Pro/Resources/Fonts & Materials/NotoSans.ttf using Guid(00dab914aae40e742a36edacfe93c267) Importer(815301076,1909f56bfc062723c751e8b465ee728b)  -> (artifact id: '0d402a9426c648107ee917a7dfcbd25e') in 0.018893 seconds
  Import took 0.023469 seconds .

========================================================================
Received Import Request.
  Time since last request: 0.000221 seconds.
  path: Assets/TextMesh Pro/Resources/Fonts & Materials/Oswald Bold.ttf
  artifactKey: Guid(fb75f3a0bf274e745a8289602a9e084e) Importer(815301076,1909f56bfc062723c751e8b465ee728b)
Start importing Assets/TextMesh Pro/Resources/Fonts & Materials/Oswald Bold.ttf using Guid(fb75f3a0bf274e745a8289602a9e084e) Importer(815301076,1909f56bfc062723c751e8b465ee728b)  -> (artifact id: 'a1df979d07b2e3db616a908ad269cdfb') in 0.012456 seconds
  Import took 0.017217 seconds .

========================================================================
Received Import Request.
  Time since last request: 0.000196 seconds.
  path: Assets/TextMesh Pro/Resources/Fonts & Materials/LiberationSans.ttf
  artifactKey: Guid(8e0790a7313f0c44aa0307dd5971db49) Importer(815301076,1909f56bfc062723c751e8b465ee728b)
Start importing Assets/TextMesh Pro/Resources/Fonts & Materials/LiberationSans.ttf using Guid(8e0790a7313f0c44aa0307dd5971db49) Importer(815301076,1909f56bfc062723c751e8b465ee728b)  -> (artifact id: '99d23a09c04221ee89744543c45bc3c1') in 0.016407 seconds
  Import took 0.021367 seconds .

========================================================================
Received Import Request.
  Time since last request: 41.568356 seconds.
  path: Assets/Anton.ttf
  artifactKey: Guid(30a4a89a2ee6b41418a3c47cd69ae472) Importer(815301076,1909f56bfc062723c751e8b465ee728b)
Start importing Assets/Anton.ttf using Guid(30a4a89a2ee6b41418a3c47cd69ae472) Importer(815301076,1909f56bfc062723c751e8b465ee728b)  -> (artifact id: '4c275fc0662c760459952cf2b2a3fb51') in 0.007814 seconds
  Import took 0.012243 seconds .

========================================================================
Received Import Request.
  Time since last request: 0.009044 seconds.
  path: Assets/Assets.index
  artifactKey: Guid(a2fef0c4b37354942bcca8a04c970e91) Importer(815301076,1909f56bfc062723c751e8b465ee728b)
Start importing Assets/Assets.index using Guid(a2fef0c4b37354942bcca8a04c970e91) Importer(815301076,1909f56bfc062723c751e8b465ee728b)  -> (artifact id: '64205eb3e4681d43bf330bb737f52a9a') in 0.032238 seconds
  Import took 0.037061 seconds .

========================================================================
Received Import Request.
  Time since last request: 5.702614 seconds.
  path: Assets/Assets.index
  artifactKey: Guid(a2fef0c4b37354942bcca8a04c970e91) Importer(815301076,1909f56bfc062723c751e8b465ee728b)
Start importing Assets/Assets.index using Guid(a2fef0c4b37354942bcca8a04c970e91) Importer(815301076,1909f56bfc062723c751e8b465ee728b)  -> (artifact id: '3d0695d1247174a7434b147b98278f09') in 0.006816 seconds
  Import took 0.011873 seconds .

========================================================================
Received Import Request.
  Time since last request: 4.305262 seconds.
  path: Assets/TextMesh Pro/Fonts
  artifactKey: Guid(6ab70aee4d56447429c680537fbf93ed) Importer(815301076,1909f56bfc062723c751e8b465ee728b)
Start importing Assets/TextMesh Pro/Fonts using Guid(6ab70aee4d56447429c680537fbf93ed) Importer(815301076,1909f56bfc062723c751e8b465ee728b)  -> (artifact id: '928c1db6c897c9953804ab4f5b669ab6') in 0.006712 seconds
  Import took 0.011852 seconds .

========================================================================
Received Import Request.
  Time since last request: 0.065185 seconds.
  path: Assets/TextMesh Pro/Fonts/Anton.ttf
  artifactKey: Guid(323ac1ea6ff04144f9f5b613bfbc5597) Importer(815301076,1909f56bfc062723c751e8b465ee728b)
Start importing Assets/TextMesh Pro/Fonts/Anton.ttf using Guid(323ac1ea6ff04144f9f5b613bfbc5597) Importer(815301076,1909f56bfc062723c751e8b465ee728b)  -> (artifact id: '7505e14ee219656a2aeaea5cfb5d1421') in 0.007884 seconds
  Import took 0.012476 seconds .

========================================================================
Received Import Request.
  Time since last request: 0.000162 seconds.
  path: Assets/TextMesh Pro/Fonts/LiberationSans.ttf
  artifactKey: Guid(02b8041c6ddcee3428810c7e7a438e0e) Importer(815301076,1909f56bfc062723c751e8b465ee728b)
Start importing Assets/TextMesh Pro/Fonts/LiberationSans.ttf using Guid(02b8041c6ddcee3428810c7e7a438e0e) Importer(815301076,1909f56bfc062723c751e8b465ee728b)  -> (artifact id: 'c3aa817798cd1e2ce9ff32b3ae9e9469') in 0.009697 seconds
  Import took 0.014421 seconds .

========================================================================
Received Import Request.
  Time since last request: 0.000174 seconds.
  path: Assets/TextMesh Pro/Fonts/Bangers.ttf
  artifactKey: Guid(687dcec43b2f746efa5a1ceaf3ba0276) Importer(815301076,1909f56bfc062723c751e8b465ee728b)
Start importing Assets/TextMesh Pro/Fonts/Bangers.ttf using Guid(687dcec43b2f746efa5a1ceaf3ba0276) Importer(815301076,1909f56bfc062723c751e8b465ee728b)  -> (artifact id: '75712ddcc2bbb0ded94ca9e0c612503f') in 0.012140 seconds
  Import took 0.016597 seconds .

========================================================================
Received Import Request.
  Time since last request: 0.000161 seconds.
  path: Assets/TextMesh Pro/Fonts/NotoSans.ttf
  artifactKey: Guid(ece7dc758aa1e1f43888284fcccaf1c2) Importer(815301076,1909f56bfc062723c751e8b465ee728b)
Start importing Assets/TextMesh Pro/Fonts/NotoSans.ttf using Guid(ece7dc758aa1e1f43888284fcccaf1c2) Importer(815301076,1909f56bfc062723c751e8b465ee728b)  -> (artifact id: '5a05150699d608c5ffd3806a9bb8f46f') in 0.013455 seconds
  Import took 0.017559 seconds .

========================================================================
Received Import Request.
  Time since last request: 0.000170 seconds.
  path: Assets/TextMesh Pro/Fonts/Oswald Bold.ttf
  artifactKey: Guid(a30f933bed2f6504bae572c0ef6aaeb7) Importer(815301076,1909f56bfc062723c751e8b465ee728b)
Start importing Assets/TextMesh Pro/Fonts/Oswald Bold.ttf using Guid(a30f933bed2f6504bae572c0ef6aaeb7) Importer(815301076,1909f56bfc062723c751e8b465ee728b)  -> (artifact id: 'fd6dbfb536cf021483875c3cdb43f071') in 0.014593 seconds
  Import took 0.018925 seconds .

========================================================================
Received Import Request.
  Time since last request: 1.137529 seconds.
  path: Assets/TextMesh Pro/Fonts/Bangers - OFL.txt
  artifactKey: Guid(9073305b10a2b2e4597d7666df0364ce) Importer(815301076,1909f56bfc062723c751e8b465ee728b)
Start importing Assets/TextMesh Pro/Fonts/Bangers - OFL.txt using Guid(9073305b10a2b2e4597d7666df0364ce) Importer(815301076,1909f56bfc062723c751e8b465ee728b)  -> (artifact id: 'a1d367e35baa431f796dc8419115469c') in 0.010445 seconds
  Import took 0.015589 seconds .

========================================================================
Received Import Request.
  Time since last request: 2.346191 seconds.
  path: Assets/TextMesh Pro/Fonts/Anton OFL.txt
  artifactKey: Guid(eee523916d5b20c47841622e89de33cf) Importer(815301076,1909f56bfc062723c751e8b465ee728b)
Start importing Assets/TextMesh Pro/Fonts/Anton OFL.txt using Guid(eee523916d5b20c47841622e89de33cf) Importer(815301076,1909f56bfc062723c751e8b465ee728b)  -> (artifact id: '1e13d44d98cc0be8ed9acab05ff16768') in 0.007192 seconds
  Import took 0.012460 seconds .

========================================================================
Received Import Request.
  Time since last request: 97.854117 seconds.
  path: Assets/TextMesh Pro/Resources
  artifactKey: Guid(243e06394e614e5d99fab26083b707fa) Importer(815301076,1909f56bfc062723c751e8b465ee728b)
Start importing Assets/TextMesh Pro/Resources using Guid(243e06394e614e5d99fab26083b707fa) Importer(815301076,1909f56bfc062723c751e8b465ee728b)  -> (artifact id: 'c78547aab36fdb3497b7778d6b17ad96') in 0.007091 seconds
  Import took 0.012164 seconds .

========================================================================
Received Import Request.
  Time since last request: 20.740772 seconds.
  path: Assets/trees
  artifactKey: Guid(3866e2bedf362c7409e049b651f09471) Importer(815301076,1909f56bfc062723c751e8b465ee728b)
Start importing Assets/trees using Guid(3866e2bedf362c7409e049b651f09471) Importer(815301076,1909f56bfc062723c751e8b465ee728b)  -> (artifact id: '7082fcfa6735062c672613e102c760a6') in 0.006765 seconds
  Import took 0.011345 seconds .

========================================================================
Received Import Request.
  Time since last request: 45.202210 seconds.
  path: Assets/TextMesh Pro/Fonts/NewAssemblyReference.asmref
  artifactKey: Guid(1043d4e7401ffaf44b33db2a126a6b58) Importer(815301076,1909f56bfc062723c751e8b465ee728b)
Start importing Assets/TextMesh Pro/Fonts/NewAssemblyReference.asmref using Guid(1043d4e7401ffaf44b33db2a126a6b58) Importer(815301076,1909f56bfc062723c751e8b465ee728b)  -> (artifact id: 'b99a5a6478999e462647b29890f04a30') in 0.008060 seconds
  Import took 0.012522 seconds .

========================================================================
Received Import Request.
  Time since last request: 0.006807 seconds.
  path: Assets/TextMesh Pro/Fonts/NewAssemblyReference.asmref
  artifactKey: Guid(1043d4e7401ffaf44b33db2a126a6b58) Importer(815301076,1909f56bfc062723c751e8b465ee728b)
Start importing Assets/TextMesh Pro/Fonts/NewAssemblyReference.asmref using Guid(1043d4e7401ffaf44b33db2a126a6b58) Importer(815301076,1909f56bfc062723c751e8b465ee728b)  -> (artifact id: 'b99a5a6478999e462647b29890f04a30') in 0.003429 seconds
  Import took 0.008995 seconds .

========================================================================
Received Import Request.
  Time since last request: 8.503789 seconds.
  path: Assets/TextMesh Pro/Fonts/Anton SDF.asset
  artifactKey: Guid(cef699984e020ea4ba977c0dde2cd2c2) Importer(815301076,1909f56bfc062723c751e8b465ee728b)
Start importing Assets/TextMesh Pro/Fonts/Anton SDF.asset using Guid(cef699984e020ea4ba977c0dde2cd2c2) Importer(815301076,1909f56bfc062723c751e8b465ee728b)  -> (artifact id: 'f13c3da83b4a9f25a1ce3da211f03cc5') in 0.019832 seconds
  Import took 0.024849 seconds .

========================================================================
Received Prepare
Registering precompiled user dll's ...
Registered in 0.003325 seconds.
Begin MonoManager ReloadAssembly
Native extension for WindowsStandalone target not found
Native extension for WebGL target not found
Refreshing native plugins compatible for Editor in 0.55 ms, found 0 plugins.
Preloading 0 native plugins for Editor in 0.00 ms.
Invoked RoslynAnalysisRunner static constructor.
RoslynAnalysisRunner will not be running.
RoslynAnalysisRunner has terminated.
Mono: successfully reloaded assembly
- Completed reload, in  0.659 seconds
Platform modules already initialized, skipping
Refreshing native plugins compatible for Editor in 0.53 ms, found 0 plugins.
Preloading 0 native plugins for Editor in 0.00 ms.
Unloading 1665 Unused Serialized files (Serialized files now loaded: 0)
System memory in use before: 170.3 MB.
System memory in use after: 170.4 MB.

Unloading 28 unused Assets to reduce memory usage. Loaded Objects now: 2189.
Total: 1.656700 ms (FindLiveObjects: 0.177000 ms CreateObjectMapping: 0.036600 ms MarkObjects: 1.423900 ms  DeleteObjects: 0.018200 ms)

========================================================================
Received Prepare
Registering precompiled user dll's ...
Registered in 0.003504 seconds.
Begin MonoManager ReloadAssembly
Native extension for WindowsStandalone target not found
Native extension for WebGL target not found
Refreshing native plugins compatible for Editor in 0.52 ms, found 0 plugins.
Preloading 0 native plugins for Editor in 0.00 ms.
Invoked RoslynAnalysisRunner static constructor.
RoslynAnalysisRunner will not be running.
RoslynAnalysisRunner has terminated.
Mono: successfully reloaded assembly
- Completed reload, in  0.651 seconds
Platform modules already initialized, skipping
Refreshing native plugins compatible for Editor in 0.52 ms, found 0 plugins.
Preloading 0 native plugins for Editor in 0.00 ms.
Unloading 1665 Unused Serialized files (Serialized files now loaded: 0)
System memory in use before: 170.6 MB.
System memory in use after: 170.7 MB.

Unloading 28 unused Assets to reduce memory usage. Loaded Objects now: 2191.
Total: 1.771900 ms (FindLiveObjects: 0.253100 ms CreateObjectMapping: 0.038900 ms MarkObjects: 1.462000 ms  DeleteObjects: 0.016900 ms)

========================================================================
Received Prepare
Registering precompiled user dll's ...
Registered in 0.003527 seconds.
Begin MonoManager ReloadAssembly
Native extension for WindowsStandalone target not found
Native extension for WebGL target not found
Refreshing native plugins compatible for Editor in 0.51 ms, found 0 plugins.
Preloading 0 native plugins for Editor in 0.00 ms.
Invoked RoslynAnalysisRunner static constructor.
RoslynAnalysisRunner will not be running.
RoslynAnalysisRunner has terminated.
Mono: successfully reloaded assembly
- Completed reload, in  0.647 seconds
Platform modules already initialized, skipping
Refreshing native plugins compatible for Editor in 0.52 ms, found 0 plugins.
Preloading 0 native plugins for Editor in 0.00 ms.
Unloading 1665 Unused Serialized files (Serialized files now loaded: 0)
System memory in use before: 170.8 MB.
System memory in use after: 171.0 MB.

Unloading 28 unused Assets to reduce memory usage. Loaded Objects now: 2193.
Total: 1.864800 ms (FindLiveObjects: 0.234300 ms CreateObjectMapping: 0.038700 ms MarkObjects: 1.569400 ms  DeleteObjects: 0.021600 ms)

========================================================================
Received Prepare
Registering precompiled user dll's ...
Registered in 0.003398 seconds.
Begin MonoManager ReloadAssembly
Native extension for WindowsStandalone target not found
Native extension for WebGL target not found
Refreshing native plugins compatible for Editor in 0.67 ms, found 0 plugins.
Preloading 0 native plugins for Editor in 0.00 ms.
Invoked RoslynAnalysisRunner static constructor.
RoslynAnalysisRunner will not be running.
RoslynAnalysisRunner has terminated.
Mono: successfully reloaded assembly
- Completed reload, in  0.660 seconds
Platform modules already initialized, skipping
Refreshing native plugins compatible for Editor in 0.54 ms, found 0 plugins.
Preloading 0 native plugins for Editor in 0.00 ms.
Unloading 1665 Unused Serialized files (Serialized files now loaded: 0)
System memory in use before: 171.1 MB.
System memory in use after: 171.2 MB.

Unloading 28 unused Assets to reduce memory usage. Loaded Objects now: 2195.
Total: 2.163100 ms (FindLiveObjects: 0.334000 ms CreateObjectMapping: 0.054700 ms MarkObjects: 1.747100 ms  DeleteObjects: 0.025900 ms)

========================================================================
Received Prepare
Registering precompiled user dll's ...
Registered in 0.003649 seconds.
Begin MonoManager ReloadAssembly
Native extension for WindowsStandalone target not found
Native extension for WebGL target not found
Refreshing native plugins compatible for Editor in 0.54 ms, found 0 plugins.
Preloading 0 native plugins for Editor in 0.00 ms.
Invoked RoslynAnalysisRunner static constructor.
RoslynAnalysisRunner will not be running.
RoslynAnalysisRunner has terminated.
Mono: successfully reloaded assembly
- Completed reload, in  0.718 seconds
Platform modules already initialized, skipping
Refreshing native plugins compatible for Editor in 0.53 ms, found 0 plugins.
Preloading 0 native plugins for Editor in 0.00 ms.
Unloading 1665 Unused Serialized files (Serialized files now loaded: 0)
System memory in use before: 171.4 MB.
System memory in use after: 171.5 MB.

Unloading 28 unused Assets to reduce memory usage. Loaded Objects now: 2197.
Total: 1.887600 ms (FindLiveObjects: 0.196000 ms CreateObjectMapping: 0.038500 ms MarkObjects: 1.626400 ms  DeleteObjects: 0.025900 ms)

========================================================================
Received Prepare
Registering precompiled user dll's ...
Registered in 0.003521 seconds.
Begin MonoManager ReloadAssembly
Native extension for WindowsStandalone target not found
Native extension for WebGL target not found
Refreshing native plugins compatible for Editor in 0.53 ms, found 0 plugins.
Preloading 0 native plugins for Editor in 0.00 ms.
Invoked RoslynAnalysisRunner static constructor.
RoslynAnalysisRunner will not be running.
RoslynAnalysisRunner has terminated.
Mono: successfully reloaded assembly
- Completed reload, in  0.659 seconds
Platform modules already initialized, skipping
Refreshing native plugins compatible for Editor in 0.52 ms, found 0 plugins.
Preloading 0 native plugins for Editor in 0.00 ms.
Unloading 1665 Unused Serialized files (Serialized files now loaded: 0)
System memory in use before: 171.6 MB.
System memory in use after: 171.7 MB.

Unloading 28 unused Assets to reduce memory usage. Loaded Objects now: 2199.
Total: 1.748700 ms (FindLiveObjects: 0.228600 ms CreateObjectMapping: 0.037900 ms MarkObjects: 1.463700 ms  DeleteObjects: 0.017500 ms)

========================================================================
Received Prepare
Registering precompiled user dll's ...
Registered in 0.003514 seconds.
Begin MonoManager ReloadAssembly
Native extension for WindowsStandalone target not found
Native extension for WebGL target not found
Refreshing native plugins compatible for Editor in 0.55 ms, found 0 plugins.
Preloading 0 native plugins for Editor in 0.00 ms.
Invoked RoslynAnalysisRunner static constructor.
RoslynAnalysisRunner will not be running.
RoslynAnalysisRunner has terminated.
Mono: successfully reloaded assembly
- Completed reload, in  0.653 seconds
Platform modules already initialized, skipping
Refreshing native plugins compatible for Editor in 0.52 ms, found 0 plugins.
Preloading 0 native plugins for Editor in 0.00 ms.
Unloading 1665 Unused Serialized files (Serialized files now loaded: 0)
System memory in use before: 171.9 MB.
System memory in use after: 172.0 MB.

Unloading 28 unused Assets to reduce memory usage. Loaded Objects now: 2201.
Total: 1.742800 ms (FindLiveObjects: 0.197400 ms CreateObjectMapping: 0.042000 ms MarkObjects: 1.485500 ms  DeleteObjects: 0.017100 ms)

========================================================================
Received Prepare
Registering precompiled user dll's ...
Registered in 0.003545 seconds.
Begin MonoManager ReloadAssembly
Native extension for WindowsStandalone target not found
Native extension for WebGL target not found
Refreshing native plugins compatible for Editor in 0.57 ms, found 0 plugins.
Preloading 0 native plugins for Editor in 0.00 ms.
Invoked RoslynAnalysisRunner static constructor.
RoslynAnalysisRunner will not be running.
RoslynAnalysisRunner has terminated.
Mono: successfully reloaded assembly
- Completed reload, in  0.670 seconds
Platform modules already initialized, skipping
Refreshing native plugins compatible for Editor in 0.52 ms, found 0 plugins.
Preloading 0 native plugins for Editor in 0.00 ms.
Unloading 1665 Unused Serialized files (Serialized files now loaded: 0)
System memory in use before: 171.1 MB.
System memory in use after: 171.3 MB.

Unloading 28 unused Assets to reduce memory usage. Loaded Objects now: 2203.
Total: 1.876800 ms (FindLiveObjects: 0.226500 ms CreateObjectMapping: 0.038300 ms MarkObjects: 1.587300 ms  DeleteObjects: 0.023400 ms)

========================================================================
Received Prepare
Registering precompiled user dll's ...
Registered in 0.003537 seconds.
Begin MonoManager ReloadAssembly
Native extension for WindowsStandalone target not found
Native extension for WebGL target not found
Refreshing native plugins compatible for Editor in 0.53 ms, found 0 plugins.
Preloading 0 native plugins for Editor in 0.00 ms.
Invoked RoslynAnalysisRunner static constructor.
RoslynAnalysisRunner will not be running.
RoslynAnalysisRunner has terminated.
Mono: successfully reloaded assembly
- Completed reload, in  0.677 seconds
Platform modules already initialized, skipping
Refreshing native plugins compatible for Editor in 0.53 ms, found 0 plugins.
Preloading 0 native plugins for Editor in 0.00 ms.
Unloading 1665 Unused Serialized files (Serialized files now loaded: 0)
System memory in use before: 171.4 MB.
System memory in use after: 171.5 MB.

Unloading 28 unused Assets to reduce memory usage. Loaded Objects now: 2205.
Total: 1.720900 ms (FindLiveObjects: 0.195100 ms CreateObjectMapping: 0.042000 ms MarkObjects: 1.466400 ms  DeleteObjects: 0.016700 ms)

========================================================================
Received Prepare
Registering precompiled user dll's ...
Registered in 0.003560 seconds.
Begin MonoManager ReloadAssembly
Native extension for WindowsStandalone target not found
Native extension for WebGL target not found
Refreshing native plugins compatible for Editor in 0.54 ms, found 0 plugins.
Preloading 0 native plugins for Editor in 0.00 ms.
Invoked RoslynAnalysisRunner static constructor.
RoslynAnalysisRunner will not be running.
RoslynAnalysisRunner has terminated.
Mono: successfully reloaded assembly
- Completed reload, in  0.664 seconds
Platform modules already initialized, skipping
Refreshing native plugins compatible for Editor in 0.52 ms, found 0 plugins.
Preloading 0 native plugins for Editor in 0.00 ms.
Unloading 1665 Unused Serialized files (Serialized files now loaded: 0)
System memory in use before: 171.6 MB.
System memory in use after: 171.8 MB.

Unloading 28 unused Assets to reduce memory usage. Loaded Objects now: 2207.
Total: 1.863000 ms (FindLiveObjects: 0.225300 ms CreateObjectMapping: 0.038400 ms MarkObjects: 1.570500 ms  DeleteObjects: 0.027900 ms)

========================================================================
Received Prepare
Registering precompiled user dll's ...
Registered in 0.003494 seconds.
Begin MonoManager ReloadAssembly
Native extension for WindowsStandalone target not found
Native extension for WebGL target not found
Refreshing native plugins compatible for Editor in 0.57 ms, found 0 plugins.
Preloading 0 native plugins for Editor in 0.00 ms.
Invoked RoslynAnalysisRunner static constructor.
RoslynAnalysisRunner will not be running.
RoslynAnalysisRunner has terminated.
Mono: successfully reloaded assembly
- Completed reload, in  0.654 seconds
Platform modules already initialized, skipping
Refreshing native plugins compatible for Editor in 0.53 ms, found 0 plugins.
Preloading 0 native plugins for Editor in 0.00 ms.
Unloading 1665 Unused Serialized files (Serialized files now loaded: 0)
System memory in use before: 171.9 MB.
System memory in use after: 172.0 MB.

Unloading 28 unused Assets to reduce memory usage. Loaded Objects now: 2209.
Total: 1.749700 ms (FindLiveObjects: 0.191200 ms CreateObjectMapping: 0.038900 ms MarkObjects: 1.502000 ms  DeleteObjects: 0.016900 ms)

========================================================================
Received Prepare
Registering precompiled user dll's ...
Registered in 0.003845 seconds.
Begin MonoManager ReloadAssembly
Native extension for WindowsStandalone target not found
Native extension for WebGL target not found
Refreshing native plugins compatible for Editor in 0.53 ms, found 0 plugins.
Preloading 0 native plugins for Editor in 0.00 ms.
Invoked RoslynAnalysisRunner static constructor.
RoslynAnalysisRunner will not be running.
RoslynAnalysisRunner has terminated.
Mono: successfully reloaded assembly
- Completed reload, in  0.686 seconds
Platform modules already initialized, skipping
Refreshing native plugins compatible for Editor in 0.56 ms, found 0 plugins.
Preloading 0 native plugins for Editor in 0.00 ms.
Unloading 1665 Unused Serialized files (Serialized files now loaded: 0)
System memory in use before: 172.2 MB.
System memory in use after: 172.3 MB.

Unloading 28 unused Assets to reduce memory usage. Loaded Objects now: 2211.
Total: 2.019700 ms (FindLiveObjects: 0.236600 ms CreateObjectMapping: 0.038600 ms MarkObjects: 1.724700 ms  DeleteObjects: 0.018800 ms)

========================================================================
Received Prepare
Registering precompiled user dll's ...
Registered in 0.003603 seconds.
Begin MonoManager ReloadAssembly
Native extension for WindowsStandalone target not found
Native extension for WebGL target not found
Refreshing native plugins compatible for Editor in 0.54 ms, found 0 plugins.
Preloading 0 native plugins for Editor in 0.00 ms.
Invoked RoslynAnalysisRunner static constructor.
RoslynAnalysisRunner will not be running.
RoslynAnalysisRunner has terminated.
Mono: successfully reloaded assembly
- Completed reload, in  0.695 seconds
Platform modules already initialized, skipping
Refreshing native plugins compatible for Editor in 0.55 ms, found 0 plugins.
Preloading 0 native plugins for Editor in 0.00 ms.
Unloading 1665 Unused Serialized files (Serialized files now loaded: 0)
System memory in use before: 171.4 MB.
System memory in use after: 171.5 MB.

Unloading 28 unused Assets to reduce memory usage. Loaded Objects now: 2213.
Total: 2.183500 ms (FindLiveObjects: 0.229800 ms CreateObjectMapping: 0.038500 ms MarkObjects: 1.885900 ms  DeleteObjects: 0.028300 ms)

========================================================================
Received Prepare
Registering precompiled user dll's ...
Registered in 0.003511 seconds.
Begin MonoManager ReloadAssembly
Native extension for WindowsStandalone target not found
Native extension for WebGL target not found
Refreshing native plugins compatible for Editor in 0.56 ms, found 0 plugins.
Preloading 0 native plugins for Editor in 0.00 ms.
Invoked RoslynAnalysisRunner static constructor.
RoslynAnalysisRunner will not be running.
RoslynAnalysisRunner has terminated.
Mono: successfully reloaded assembly
- Completed reload, in  0.657 seconds
Platform modules already initialized, skipping
Refreshing native plugins compatible for Editor in 0.52 ms, found 0 plugins.
Preloading 0 native plugins for Editor in 0.00 ms.
Unloading 1665 Unused Serialized files (Serialized files now loaded: 0)
System memory in use before: 171.7 MB.
System memory in use after: 171.8 MB.

Unloading 28 unused Assets to reduce memory usage. Loaded Objects now: 2215.
Total: 1.886400 ms (FindLiveObjects: 0.217600 ms CreateObjectMapping: 0.038000 ms MarkObjects: 1.604700 ms  DeleteObjects: 0.025000 ms)

========================================================================
Received Prepare
Registering precompiled user dll's ...
Registered in 0.003602 seconds.
Begin MonoManager ReloadAssembly
Native extension for WindowsStandalone target not found
Native extension for WebGL target not found
Refreshing native plugins compatible for Editor in 0.55 ms, found 0 plugins.
Preloading 0 native plugins for Editor in 0.00 ms.
Invoked RoslynAnalysisRunner static constructor.
RoslynAnalysisRunner will not be running.
RoslynAnalysisRunner has terminated.
Mono: successfully reloaded assembly
- Completed reload, in  0.666 seconds
Platform modules already initialized, skipping
Refreshing native plugins compatible for Editor in 0.55 ms, found 0 plugins.
Preloading 0 native plugins for Editor in 0.00 ms.
Unloading 1665 Unused Serialized files (Serialized files now loaded: 0)
System memory in use before: 171.9 MB.
System memory in use after: 172.0 MB.

Unloading 28 unused Assets to reduce memory usage. Loaded Objects now: 2217.
Total: 1.780600 ms (FindLiveObjects: 0.207900 ms CreateObjectMapping: 0.039300 ms MarkObjects: 1.515000 ms  DeleteObjects: 0.017600 ms)

========================================================================
Received Prepare
Registering precompiled user dll's ...
Registered in 0.003596 seconds.
Begin MonoManager ReloadAssembly
Native extension for WindowsStandalone target not found
Native extension for WebGL target not found
Refreshing native plugins compatible for Editor in 0.53 ms, found 0 plugins.
Preloading 0 native plugins for Editor in 0.00 ms.
Invoked RoslynAnalysisRunner static constructor.
RoslynAnalysisRunner will not be running.
RoslynAnalysisRunner has terminated.
Mono: successfully reloaded assembly
- Completed reload, in  0.659 seconds
Platform modules already initialized, skipping
Refreshing native plugins compatible for Editor in 0.52 ms, found 0 plugins.
Preloading 0 native plugins for Editor in 0.00 ms.
Unloading 1665 Unused Serialized files (Serialized files now loaded: 0)
System memory in use before: 171.9 MB.
System memory in use after: 172.0 MB.

Unloading 28 unused Assets to reduce memory usage. Loaded Objects now: 2219.
Total: 1.894600 ms (FindLiveObjects: 0.215400 ms CreateObjectMapping: 0.037800 ms MarkObjects: 1.618700 ms  DeleteObjects: 0.021700 ms)

========================================================================
Received Prepare
Registering precompiled user dll's ...
Registered in 0.003550 seconds.
Begin MonoManager ReloadAssembly
Native extension for WindowsStandalone target not found
Native extension for WebGL target not found
Refreshing native plugins compatible for Editor in 0.59 ms, found 0 plugins.
Preloading 0 native plugins for Editor in 0.00 ms.
Invoked RoslynAnalysisRunner static constructor.
RoslynAnalysisRunner will not be running.
RoslynAnalysisRunner has terminated.
Mono: successfully reloaded assembly
- Completed reload, in  0.666 seconds
Platform modules already initialized, skipping
Refreshing native plugins compatible for Editor in 0.55 ms, found 0 plugins.
Preloading 0 native plugins for Editor in 0.00 ms.
Unloading 1665 Unused Serialized files (Serialized files now loaded: 0)
System memory in use before: 171.4 MB.
System memory in use after: 171.5 MB.

Unloading 28 unused Assets to reduce memory usage. Loaded Objects now: 2221.
Total: 1.785200 ms (FindLiveObjects: 0.192600 ms CreateObjectMapping: 0.038700 ms MarkObjects: 1.533800 ms  DeleteObjects: 0.019300 ms)

========================================================================
Received Prepare
Registering precompiled user dll's ...
Registered in 0.003639 seconds.
Begin MonoManager ReloadAssembly
Native extension for WindowsStandalone target not found
Native extension for WebGL target not found
Refreshing native plugins compatible for Editor in 0.54 ms, found 0 plugins.
Preloading 0 native plugins for Editor in 0.00 ms.
Invoked RoslynAnalysisRunner static constructor.
RoslynAnalysisRunner will not be running.
RoslynAnalysisRunner has terminated.
Mono: successfully reloaded assembly
- Completed reload, in  0.668 seconds
Platform modules already initialized, skipping
Refreshing native plugins compatible for Editor in 0.46 ms, found 0 plugins.
Preloading 0 native plugins for Editor in 0.00 ms.
Unloading 1665 Unused Serialized files (Serialized files now loaded: 0)
System memory in use before: 171.7 MB.
System memory in use after: 171.8 MB.

Unloading 28 unused Assets to reduce memory usage. Loaded Objects now: 2223.
Total: 1.886000 ms (FindLiveObjects: 0.222800 ms CreateObjectMapping: 0.037500 ms MarkObjects: 1.591500 ms  DeleteObjects: 0.033200 ms)

========================================================================
Received Prepare
Registering precompiled user dll's ...
Registered in 0.003533 seconds.
Begin MonoManager ReloadAssembly
Native extension for WindowsStandalone target not found
Native extension for WebGL target not found
Refreshing native plugins compatible for Editor in 0.54 ms, found 0 plugins.
Preloading 0 native plugins for Editor in 0.00 ms.
Invoked RoslynAnalysisRunner static constructor.
RoslynAnalysisRunner will not be running.
RoslynAnalysisRunner has terminated.
Mono: successfully reloaded assembly
- Completed reload, in  0.690 seconds
Platform modules already initialized, skipping
Refreshing native plugins compatible for Editor in 0.56 ms, found 0 plugins.
Preloading 0 native plugins for Editor in 0.00 ms.
Unloading 1665 Unused Serialized files (Serialized files now loaded: 0)
System memory in use before: 171.9 MB.
System memory in use after: 172.0 MB.

Unloading 28 unused Assets to reduce memory usage. Loaded Objects now: 2225.
Total: 1.767300 ms (FindLiveObjects: 0.200300 ms CreateObjectMapping: 0.038400 ms MarkObjects: 1.507700 ms  DeleteObjects: 0.020100 ms)

========================================================================
Received Prepare
Registering precompiled user dll's ...
Registered in 0.003546 seconds.
Begin MonoManager ReloadAssembly
Native extension for WindowsStandalone target not found
Native extension for WebGL target not found
Refreshing native plugins compatible for Editor in 0.60 ms, found 0 plugins.
Preloading 0 native plugins for Editor in 0.00 ms.
Invoked RoslynAnalysisRunner static constructor.
RoslynAnalysisRunner will not be running.
RoslynAnalysisRunner has terminated.
Mono: successfully reloaded assembly
- Completed reload, in  0.666 seconds
Platform modules already initialized, skipping
Refreshing native plugins compatible for Editor in 0.53 ms, found 0 plugins.
Preloading 0 native plugins for Editor in 0.00 ms.
Unloading 1665 Unused Serialized files (Serialized files now loaded: 0)
System memory in use before: 171.9 MB.
System memory in use after: 172.1 MB.

Unloading 28 unused Assets to reduce memory usage. Loaded Objects now: 2227.
Total: 1.794000 ms (FindLiveObjects: 0.224400 ms CreateObjectMapping: 0.039200 ms MarkObjects: 1.510600 ms  DeleteObjects: 0.019100 ms)

========================================================================
Received Prepare
Registering precompiled user dll's ...
Registered in 0.003560 seconds.
Begin MonoManager ReloadAssembly
Native extension for WindowsStandalone target not found
Native extension for WebGL target not found
Refreshing native plugins compatible for Editor in 0.54 ms, found 0 plugins.
Preloading 0 native plugins for Editor in 0.00 ms.
Invoked RoslynAnalysisRunner static constructor.
RoslynAnalysisRunner will not be running.
RoslynAnalysisRunner has terminated.
Mono: successfully reloaded assembly
- Completed reload, in  0.666 seconds
Platform modules already initialized, skipping
Refreshing native plugins compatible for Editor in 0.52 ms, found 0 plugins.
Preloading 0 native plugins for Editor in 0.00 ms.
Unloading 1665 Unused Serialized files (Serialized files now loaded: 0)
System memory in use before: 171.4 MB.
System memory in use after: 171.5 MB.

Unloading 28 unused Assets to reduce memory usage. Loaded Objects now: 2229.
Total: 1.844000 ms (FindLiveObjects: 0.206600 ms CreateObjectMapping: 0.046500 ms MarkObjects: 1.572300 ms  DeleteObjects: 0.017800 ms)

========================================================================
Received Prepare
Registering precompiled user dll's ...
Registered in 0.003416 seconds.
Begin MonoManager ReloadAssembly
Native extension for WindowsStandalone target not found
Native extension for WebGL target not found
Refreshing native plugins compatible for Editor in 0.53 ms, found 0 plugins.
Preloading 0 native plugins for Editor in 0.00 ms.
Invoked RoslynAnalysisRunner static constructor.
RoslynAnalysisRunner will not be running.
RoslynAnalysisRunner has terminated.
Mono: successfully reloaded assembly
- Completed reload, in  0.638 seconds
Platform modules already initialized, skipping
Refreshing native plugins compatible for Editor in 0.52 ms, found 0 plugins.
Preloading 0 native plugins for Editor in 0.00 ms.
Unloading 1665 Unused Serialized files (Serialized files now loaded: 0)
System memory in use before: 171.7 MB.
System memory in use after: 171.8 MB.

Unloading 28 unused Assets to reduce memory usage. Loaded Objects now: 2231.
Total: 1.954800 ms (FindLiveObjects: 0.236400 ms CreateObjectMapping: 0.045600 ms MarkObjects: 1.648700 ms  DeleteObjects: 0.023100 ms)

========================================================================
Received Prepare
Registering precompiled user dll's ...
Registered in 0.003886 seconds.
Begin MonoManager ReloadAssembly
Native extension for WindowsStandalone target not found
Native extension for WebGL target not found
Refreshing native plugins compatible for Editor in 0.52 ms, found 0 plugins.
Preloading 0 native plugins for Editor in 0.00 ms.
Invoked RoslynAnalysisRunner static constructor.
RoslynAnalysisRunner will not be running.
RoslynAnalysisRunner has terminated.
Mono: successfully reloaded assembly
- Completed reload, in  0.661 seconds
Platform modules already initialized, skipping
Refreshing native plugins compatible for Editor in 0.58 ms, found 0 plugins.
Preloading 0 native plugins for Editor in 0.00 ms.
Unloading 1665 Unused Serialized files (Serialized files now loaded: 0)
System memory in use before: 171.9 MB.
System memory in use after: 172.0 MB.

Unloading 28 unused Assets to reduce memory usage. Loaded Objects now: 2233.
Total: 1.839500 ms (FindLiveObjects: 0.234700 ms CreateObjectMapping: 0.040400 ms MarkObjects: 1.547400 ms  DeleteObjects: 0.016200 ms)

========================================================================
Received Import Request.
  Time since last request: 1300.545158 seconds.
  path: Assets/Materials/SpriteMaterial#.mat
  artifactKey: Guid(7c2d711f059f321458b29824e1716d3c) Importer(815301076,1909f56bfc062723c751e8b465ee728b)
Start importing Assets/Materials/SpriteMaterial#.mat using Guid(7c2d711f059f321458b29824e1716d3c) Importer(815301076,1909f56bfc062723c751e8b465ee728b)  -> (artifact id: '16c2c455a16848fc9b67dc277e846a31') in 0.055634 seconds
  Import took 0.060227 seconds .

========================================================================
Received Import Request.
  Time since last request: 0.000184 seconds.
  path: Assets/SpriteCar/car_people1.png
  artifactKey: Guid(9022f4747f0c1824f96338aa0250f40c) Importer(815301076,1909f56bfc062723c751e8b465ee728b)
Start importing Assets/SpriteCar/car_people1.png using Guid(9022f4747f0c1824f96338aa0250f40c) Importer(815301076,1909f56bfc062723c751e8b465ee728b)  -> (artifact id: '86f9fc63a27ef27ac1a23b1bc3cf27f7') in 0.055698 seconds
  Import took 0.059944 seconds .

========================================================================
Received Import Request.
  Time since last request: 0.000182 seconds.
  path: Assets/Materials/SpeedBars.mat
  artifactKey: Guid(fd1ae5628773b944f9783978c4f1c1e1) Importer(815301076,1909f56bfc062723c751e8b465ee728b)
Start importing Assets/Materials/SpeedBars.mat using Guid(fd1ae5628773b944f9783978c4f1c1e1) Importer(815301076,1909f56bfc062723c751e8b465ee728b)  -> (artifact id: 'b20d988c284afd266a5b7d139435a97f') in 0.022784 seconds
  Import took 0.027136 seconds .

========================================================================
Received Import Request.
  Time since last request: 0.000155 seconds.
  path: Assets/SpriteCar/gascan.png
  artifactKey: Guid(84e683fea520c76479a5c7a3ed5b3de5) Importer(815301076,1909f56bfc062723c751e8b465ee728b)
Start importing Assets/SpriteCar/gascan.png using Guid(84e683fea520c76479a5c7a3ed5b3de5) Importer(815301076,1909f56bfc062723c751e8b465ee728b)  -> (artifact id: 'e1dfe1d3b52517edcf8c03edc1e5a757') in 0.024526 seconds
  Import took 0.028451 seconds .

========================================================================
Received Import Request.
  Time since last request: 0.000166 seconds.
  path: Assets/SpriteCar/car_people5.png
  artifactKey: Guid(a92c76142e394c548aba0005717a672f) Importer(815301076,1909f56bfc062723c751e8b465ee728b)
Start importing Assets/SpriteCar/car_people5.png using Guid(a92c76142e394c548aba0005717a672f) Importer(815301076,1909f56bfc062723c751e8b465ee728b)  -> (artifact id: '069892c8848163a874b8d4fc2cc5533f') in 0.016051 seconds
  Import took 0.020099 seconds .

========================================================================
Received Import Request.
  Time since last request: 0.000185 seconds.
  path: Assets/Materials/BackgroundDay.mat
  artifactKey: Guid(2ad28378852c7af4da4e1441e1a1f430) Importer(815301076,1909f56bfc062723c751e8b465ee728b)
Start importing Assets/Materials/BackgroundDay.mat using Guid(2ad28378852c7af4da4e1441e1a1f430) Importer(815301076,1909f56bfc062723c751e8b465ee728b)  -> (artifact id: '50d8e84126975bdb481e4b53eb2e3ffa') in 0.016329 seconds
  Import took 0.020442 seconds .

========================================================================
Received Import Request.
  Time since last request: 0.000164 seconds.
  path: Assets/SpriteCar/car_people6.png
  artifactKey: Guid(7dde6004e98375043a2aa3b9620f7849) Importer(815301076,1909f56bfc062723c751e8b465ee728b)
Start importing Assets/SpriteCar/car_people6.png using Guid(7dde6004e98375043a2aa3b9620f7849) Importer(815301076,1909f56bfc062723c751e8b465ee728b)  -> (artifact id: '60d87a491c83024d0252d0be3bbc968c') in 0.019818 seconds
  Import took 0.023769 seconds .

========================================================================
Received Import Request.
  Time since last request: 0.000191 seconds.
  path: Assets/SpriteCar/car_people4.png
  artifactKey: Guid(2f27fa98af6744346bf4105e1707a2c1) Importer(815301076,1909f56bfc062723c751e8b465ee728b)
Start importing Assets/SpriteCar/car_people4.png using Guid(2f27fa98af6744346bf4105e1707a2c1) Importer(815301076,1909f56bfc062723c751e8b465ee728b)  -> (artifact id: 'c1a2bffe4ac85b1e09116e2516b82f40') in 0.017022 seconds
  Import took 0.021436 seconds .

========================================================================
Received Import Request.
  Time since last request: 0.000159 seconds.
  path: Assets/Materials/BackgroundNight.mat
  artifactKey: Guid(ed0222052cd621c48ba29f14d43a021c) Importer(815301076,1909f56bfc062723c751e8b465ee728b)
Start importing Assets/Materials/BackgroundNight.mat using Guid(ed0222052cd621c48ba29f14d43a021c) Importer(815301076,1909f56bfc062723c751e8b465ee728b)  -> (artifact id: 'feaf69c9cabf4592349e37ed45c83371') in 0.015168 seconds
  Import took 0.019586 seconds .

========================================================================
Received Import Request.
  Time since last request: 0.000186 seconds.
  path: Assets/Materials/Road Material.mat
  artifactKey: Guid(45ed09aa1b27a75499f812dae2448d74) Importer(815301076,1909f56bfc062723c751e8b465ee728b)
Start importing Assets/Materials/Road Material.mat using Guid(45ed09aa1b27a75499f812dae2448d74) Importer(815301076,1909f56bfc062723c751e8b465ee728b)  -> (artifact id: '7cbf5231daf87328a9100205af1e35be') in 0.020068 seconds
  Import took 0.024986 seconds .

========================================================================
Received Import Request.
  Time since last request: 0.000164 seconds.
  path: Assets/SpriteCar/car_people3.png
  artifactKey: Guid(4d7277d4e3099d14687f89076388261b) Importer(815301076,1909f56bfc062723c751e8b465ee728b)
Start importing Assets/SpriteCar/car_people3.png using Guid(4d7277d4e3099d14687f89076388261b) Importer(815301076,1909f56bfc062723c751e8b465ee728b)  -> (artifact id: 'e2f511fd546562db230c85ea94fffe09') in 0.017647 seconds
  Import took 0.022369 seconds .

========================================================================
Received Import Request.
  Time since last request: 0.000156 seconds.
  path: Assets/SpriteCar/car_people8.png
  artifactKey: Guid(f00cbb912392c0c4fba74a7d0d42d2c3) Importer(815301076,1909f56bfc062723c751e8b465ee728b)
Start importing Assets/SpriteCar/car_people8.png using Guid(f00cbb912392c0c4fba74a7d0d42d2c3) Importer(815301076,1909f56bfc062723c751e8b465ee728b)  -> (artifact id: '9e4799e3b2defbf6258c0d6d0801d723') in 0.017638 seconds
  Import took 0.022067 seconds .

========================================================================
Received Import Request.
  Time since last request: 0.000195 seconds.
  path: Assets/SpriteCar/car_people2.png
  artifactKey: Guid(c2bd2b83d2c3fc04e84d6144d0ed249f) Importer(815301076,1909f56bfc062723c751e8b465ee728b)
Start importing Assets/SpriteCar/car_people2.png using Guid(c2bd2b83d2c3fc04e84d6144d0ed249f) Importer(815301076,1909f56bfc062723c751e8b465ee728b)  -> (artifact id: '4a6e3c2ffa83818855769cdf985976f5') in 0.017973 seconds
  Import took 0.022871 seconds .

========================================================================
Received Import Request.
  Time since last request: 0.000201 seconds.
  path: Assets/SpriteCar/car_people7.png
  artifactKey: Guid(e8e4ba36562a78844bb5c7abcdb45dd1) Importer(815301076,1909f56bfc062723c751e8b465ee728b)
Start importing Assets/SpriteCar/car_people7.png using Guid(e8e4ba36562a78844bb5c7abcdb45dd1) Importer(815301076,1909f56bfc062723c751e8b465ee728b)  -> (artifact id: '295ecbc8910a8b07cd6568575274666e') in 0.017100 seconds
  Import took 0.021925 seconds .

========================================================================
Received Import Request.
  Time since last request: 0.001394 seconds.
  path: Assets/SpriteCar/car_people7.png
  artifactKey: Guid(e8e4ba36562a78844bb5c7abcdb45dd1) Importer(815301076,1909f56bfc062723c751e8b465ee728b)
Start importing Assets/SpriteCar/car_people7.png using Guid(e8e4ba36562a78844bb5c7abcdb45dd1) Importer(815301076,1909f56bfc062723c751e8b465ee728b)  -> (artifact id: '295ecbc8910a8b07cd6568575274666e') in 0.013891 seconds
  Import took 0.018611 seconds .

========================================================================
Received Import Request.
  Time since last request: 0.375022 seconds.
  path: Assets/Assets.index
  artifactKey: Guid(a2fef0c4b37354942bcca8a04c970e91) Importer(815301076,1909f56bfc062723c751e8b465ee728b)
Start importing Assets/Assets.index using Guid(a2fef0c4b37354942bcca8a04c970e91) Importer(815301076,1909f56bfc062723c751e8b465ee728b)  -> (artifact id: 'f86862d34acd32e02fdcb247dd0b2447') in 0.027374 seconds
  Import took 0.032113 seconds .

========================================================================
Received Import Request.
  Time since last request: 6.372184 seconds.
  path: Assets/NightMode.cs
  artifactKey: Guid(3bc5075130ea417428379ff9d5175755) Importer(815301076,1909f56bfc062723c751e8b465ee728b)
Start importing Assets/NightMode.cs using Guid(3bc5075130ea417428379ff9d5175755) Importer(815301076,1909f56bfc062723c751e8b465ee728b)  -> (artifact id: '65f3b4b8b46194761673c7c22ae1ebc1') in 0.009817 seconds
  Import took 0.014148 seconds .

========================================================================
Received Prepare
Registering precompiled user dll's ...
Registered in 0.005167 seconds.
Begin MonoManager ReloadAssembly
Native extension for WindowsStandalone target not found
Native extension for WebGL target not found
Refreshing native plugins compatible for Editor in 0.54 ms, found 0 plugins.
Preloading 0 native plugins for Editor in 0.00 ms.
Invoked RoslynAnalysisRunner static constructor.
RoslynAnalysisRunner will not be running.
RoslynAnalysisRunner has terminated.
Mono: successfully reloaded assembly
- Completed reload, in  0.712 seconds
Platform modules already initialized, skipping
Refreshing native plugins compatible for Editor in 0.52 ms, found 0 plugins.
Preloading 0 native plugins for Editor in 0.00 ms.
Unloading 1665 Unused Serialized files (Serialized files now loaded: 0)
System memory in use before: 172.0 MB.
System memory in use after: 172.1 MB.

Unloading 28 unused Assets to reduce memory usage. Loaded Objects now: 2241.
Total: 2.143800 ms (FindLiveObjects: 0.258200 ms CreateObjectMapping: 0.038800 ms MarkObjects: 1.827900 ms  DeleteObjects: 0.018000 ms)

========================================================================
Received Import Request.
  Time since last request: 363.921707 seconds.
  path: Assets/TextMesh Pro/Sprites
  artifactKey: Guid(d0603b6d5186471b96c778c3949c7ce2) Importer(815301076,1909f56bfc062723c751e8b465ee728b)
Start importing Assets/TextMesh Pro/Sprites using Guid(d0603b6d5186471b96c778c3949c7ce2) Importer(815301076,1909f56bfc062723c751e8b465ee728b)  -> (artifact id: '2200f64b4792a54e356f08ffbc534594') in 0.010831 seconds
  Import took 0.015492 seconds .

========================================================================
Received Import Request.
  Time since last request: 17.514955 seconds.
  path: Assets/TextMesh Pro/Shaders
  artifactKey: Guid(e9f693669af91aa45ad615fc681ed29f) Importer(815301076,1909f56bfc062723c751e8b465ee728b)
Start importing Assets/TextMesh Pro/Shaders using Guid(e9f693669af91aa45ad615fc681ed29f) Importer(815301076,1909f56bfc062723c751e8b465ee728b)  -> (artifact id: '5718f314868a9f54307e769a177a6556') in 0.007243 seconds
  Import took 0.011816 seconds .

========================================================================
Received Prepare
Registering precompiled user dll's ...
Registered in 0.004082 seconds.
Begin MonoManager ReloadAssembly
Native extension for WindowsStandalone target not found
Native extension for WebGL target not found
Refreshing native plugins compatible for Editor in 0.54 ms, found 0 plugins.
Preloading 0 native plugins for Editor in 0.00 ms.
Invoked RoslynAnalysisRunner static constructor.
RoslynAnalysisRunner will not be running.
RoslynAnalysisRunner has terminated.
Mono: successfully reloaded assembly
- Completed reload, in  0.686 seconds
Platform modules already initialized, skipping
Refreshing native plugins compatible for Editor in 0.55 ms, found 0 plugins.
Preloading 0 native plugins for Editor in 0.00 ms.
Unloading 1665 Unused Serialized files (Serialized files now loaded: 0)
System memory in use before: 171.5 MB.
System memory in use after: 171.6 MB.

Unloading 28 unused Assets to reduce memory usage. Loaded Objects now: 2243.
Total: 2.195800 ms (FindLiveObjects: 0.258000 ms CreateObjectMapping: 0.044600 ms MarkObjects: 1.863400 ms  DeleteObjects: 0.028500 ms)

========================================================================
Received Prepare
Registering precompiled user dll's ...
Registered in 0.004169 seconds.
Begin MonoManager ReloadAssembly
Native extension for WindowsStandalone target not found
Native extension for WebGL target not found
Refreshing native plugins compatible for Editor in 0.53 ms, found 0 plugins.
Preloading 0 native plugins for Editor in 0.00 ms.
Invoked RoslynAnalysisRunner static constructor.
RoslynAnalysisRunner will not be running.
RoslynAnalysisRunner has terminated.
Mono: successfully reloaded assembly
- Completed reload, in  0.694 seconds
Platform modules already initialized, skipping
Refreshing native plugins compatible for Editor in 0.55 ms, found 0 plugins.
Preloading 0 native plugins for Editor in 0.00 ms.
Unloading 1668 Unused Serialized files (Serialized files now loaded: 0)
System memory in use before: 171.8 MB.
System memory in use after: 171.9 MB.

Unloading 28 unused Assets to reduce memory usage. Loaded Objects now: 2245.
Total: 1.788400 ms (FindLiveObjects: 0.213500 ms CreateObjectMapping: 0.039400 ms MarkObjects: 1.516800 ms  DeleteObjects: 0.017600 ms)

========================================================================
Received Prepare
Refreshing native plugins compatible for Editor in 8.18 ms, found 0 plugins.
Preloading 0 native plugins for Editor in 0.00 ms.
Unloading 27 Unused Serialized files (Serialized files now loaded: 0)
System memory in use before: 139.1 MB.
System memory in use after: 139.2 MB.

Unloading 26 unused Assets to reduce memory usage. Loaded Objects now: 2245.
Total: 1.895200 ms (FindLiveObjects: 0.332200 ms CreateObjectMapping: 0.055700 ms MarkObjects: 1.489200 ms  DeleteObjects: 0.016900 ms)

========================================================================
Received Prepare
Refreshing native plugins compatible for Editor in 7.25 ms, found 0 plugins.
Preloading 0 native plugins for Editor in 0.00 ms.
Unloading 27 Unused Serialized files (Serialized files now loaded: 0)
System memory in use before: 139.1 MB.
System memory in use after: 139.2 MB.

Unloading 26 unused Assets to reduce memory usage. Loaded Objects now: 2245.
Total: 1.758100 ms (FindLiveObjects: 0.223300 ms CreateObjectMapping: 0.039100 ms MarkObjects: 1.479800 ms  DeleteObjects: 0.015300 ms)

========================================================================
Received Prepare
Refreshing native plugins compatible for Editor in 7.40 ms, found 0 plugins.
Preloading 0 native plugins for Editor in 0.00 ms.
Unloading 27 Unused Serialized files (Serialized files now loaded: 0)
System memory in use before: 138.6 MB.
System memory in use after: 138.7 MB.

Unloading 26 unused Assets to reduce memory usage. Loaded Objects now: 2245.
Total: 2.047200 ms (FindLiveObjects: 0.236700 ms CreateObjectMapping: 0.038000 ms MarkObjects: 1.751600 ms  DeleteObjects: 0.019800 ms)

AssetImportWorkerClient::OnTransportError - code=2 error=End of file
